{"C:\\Users\\noush\\bootcamp\\homework\\svg-logo-maker\\index.js": {"path":"C:\\Users\\noush\\bootcamp\\homework\\svg-logo-maker\\index.js","statementMap":{"0":{"start":{"line":1,"column":11},"end":{"line":1,"column":24}},"1":{"start":{"line":2,"column":17},"end":{"line":2,"column":36}},"2":{"start":{"line":3,"column":37},"end":{"line":3,"column":63}},"3":{"start":{"line":5,"column":0},"end":{"line":45,"column":5}},"4":{"start":{"line":39,"column":4},"end":{"line":39,"column":25}},"5":{"start":{"line":40,"column":23},"end":{"line":40,"column":44}},"6":{"start":{"line":42,"column":4},"end":{"line":44,"column":6}},"7":{"start":{"line":43,"column":6},"end":{"line":43,"column":76}},"8":{"start":{"line":48,"column":2},"end":{"line":52,"column":3}},"9":{"start":{"line":50,"column":21},"end":{"line":50,"column":39}},"10":{"start":{"line":51,"column":25},"end":{"line":51,"column":40}},"11":{"start":{"line":54,"column":2},"end":{"line":54,"column":96}},"12":{"start":{"line":59,"column":0},"end":{"line":59,"column":34}}},"fnMap":{"0":{"name":"(anonymous_0)","decl":{"start":{"line":38,"column":8},"end":{"line":38,"column":9}},"loc":{"start":{"line":38,"column":21},"end":{"line":45,"column":3}},"line":38},"1":{"name":"(anonymous_1)","decl":{"start":{"line":42,"column":41},"end":{"line":42,"column":42}},"loc":{"start":{"line":43,"column":6},"end":{"line":43,"column":76}},"line":43},"2":{"name":"generateLogo","decl":{"start":{"line":47,"column":9},"end":{"line":47,"column":21}},"loc":{"start":{"line":47,"column":31},"end":{"line":57,"column":1}},"line":47}},"branchMap":{"0":{"loc":{"start":{"line":43,"column":6},"end":{"line":43,"column":76}},"type":"cond-expr","locations":[{"start":{"line":43,"column":12},"end":{"line":43,"column":28}},{"start":{"line":43,"column":31},"end":{"line":43,"column":76}}],"line":43},"1":{"loc":{"start":{"line":48,"column":2},"end":{"line":52,"column":3}},"type":"switch","locations":[{"start":{"line":49,"column":4},"end":{"line":51,"column":41}}],"line":48}},"s":{"0":1,"1":1,"2":1,"3":1,"4":0,"5":0,"6":0,"7":0,"8":0,"9":0,"10":0,"11":0,"12":1},"f":{"0":0,"1":0,"2":0},"b":{"0":[0,0],"1":[0]},"_coverageSchema":"1a1c01bbd47fc00a2c39e90264f33305004495a9","hash":"4aeba081bb9dcc20dd8cb3d71ad817df9830eaf5"}
,"C:\\Users\\noush\\bootcamp\\homework\\svg-logo-maker\\lib\\shapes.js": {"path":"C:\\Users\\noush\\bootcamp\\homework\\svg-logo-maker\\lib\\shapes.js","statementMap":{"0":{"start":{"line":1,"column":25},"end":{"line":1,"column":47}},"1":{"start":{"line":5,"column":4},"end":{"line":5,"column":20}},"2":{"start":{"line":10,"column":4},"end":{"line":10,"column":23}},"3":{"start":{"line":15,"column":4},"end":{"line":15,"column":22}},"4":{"start":{"line":21,"column":4},"end":{"line":21,"column":70}},"5":{"start":{"line":27,"column":4},"end":{"line":27,"column":72}},"6":{"start":{"line":33,"column":4},"end":{"line":33,"column":78}},"7":{"start":{"line":37,"column":0},"end":{"line":37,"column":46}}},"fnMap":{"0":{"name":"(anonymous_0)","decl":{"start":{"line":4,"column":2},"end":{"line":4,"column":3}},"loc":{"start":{"line":4,"column":16},"end":{"line":6,"column":3}},"line":4},"1":{"name":"(anonymous_1)","decl":{"start":{"line":9,"column":2},"end":{"line":9,"column":3}},"loc":{"start":{"line":9,"column":18},"end":{"line":11,"column":3}},"line":9},"2":{"name":"(anonymous_2)","decl":{"start":{"line":14,"column":2},"end":{"line":14,"column":3}},"loc":{"start":{"line":14,"column":13},"end":{"line":16,"column":3}},"line":14},"3":{"name":"(anonymous_3)","decl":{"start":{"line":20,"column":2},"end":{"line":20,"column":3}},"loc":{"start":{"line":20,"column":11},"end":{"line":22,"column":3}},"line":20},"4":{"name":"(anonymous_4)","decl":{"start":{"line":26,"column":2},"end":{"line":26,"column":3}},"loc":{"start":{"line":26,"column":11},"end":{"line":28,"column":3}},"line":26},"5":{"name":"(anonymous_5)","decl":{"start":{"line":32,"column":2},"end":{"line":32,"column":3}},"loc":{"start":{"line":32,"column":11},"end":{"line":34,"column":3}},"line":32}},"branchMap":{},"s":{"0":1,"1":1,"2":1,"3":0,"4":1,"5":0,"6":0,"7":1},"f":{"0":1,"1":1,"2":0,"3":1,"4":0,"5":0},"b":{},"_coverageSchema":"1a1c01bbd47fc00a2c39e90264f33305004495a9","hash":"d470ba777324d60b3a005053c37be3d09e227a0a"}
}
