TN:
SF:index.js
FN:38,(anonymous_0)
FN:42,(anonymous_1)
FN:47,generateLogo
FNF:3
FNH:0
FNDA:0,(anonymous_0)
FNDA:0,(anonymous_1)
FNDA:0,generateLogo
DA:1,1
DA:2,1
DA:3,1
DA:5,1
DA:39,0
DA:40,0
DA:42,0
DA:43,0
DA:48,0
DA:50,0
DA:51,0
DA:54,0
DA:59,1
LF:13
LH:5
BRDA:43,0,0,0
BRDA:43,0,1,0
BRDA:48,1,0,0
BRF:3
BRH:0
end_of_record
TN:
SF:lib\shapes.js
FN:4,(anonymous_0)
FN:9,(anonymous_1)
FN:14,(anonymous_2)
FN:20,(anonymous_3)
FN:26,(anonymous_4)
FN:32,(anonymous_5)
FNF:6
FNH:3
FNDA:1,(anonymous_0)
FNDA:1,(anonymous_1)
FNDA:0,(anonymous_2)
FNDA:1,(anonymous_3)
FNDA:0,(anonymous_4)
FNDA:0,(anonymous_5)
DA:1,1
DA:5,1
DA:10,1
DA:15,0
DA:21,1
DA:27,0
DA:33,0
DA:37,1
LF:8
LH:5
BRF:0
BRH:0
end_of_record
